<?xml version="1.0" encoding="UTF-8"?>
<coverage generated="1644569746957" clover="3.2.0">
  <project timestamp="1644569746957" name="All files">
    <metrics statements="5" coveredstatements="4" conditionals="2" coveredconditionals="1" methods="3" coveredmethods="2" elements="10" coveredelements="7" complexity="0" loc="5" ncloc="5" packages="1" files="1" classes="1"/>
    <file name="App.tsx" path="C:\Users\ejannot\Documents\ENSC 2A\Développement mobile\TP\hello-world-native\App.tsx">
      <metrics statements="5" coveredstatements="4" conditionals="2" coveredconditionals="1" methods="3" coveredmethods="2"/>
      <line num="10" count="1" type="stmt"/>
      <line num="11" count="1" type="stmt"/>
      <line num="16" count="1" type="stmt"/>
      <line num="22" count="0" type="stmt"/>
      <line num="33" count="1" type="stmt"/>
    </file>
  </project>
</coverage>
