{"C:\\Users\\ejannot\\Documents\\ENSC 2A\\Développement mobile\\TP\\hello-world-native\\App.tsx": {"path":"C:\\Users\\ejannot\\Documents\\ENSC 2A\\Développement mobile\\TP\\hello-world-native\\App.tsx","statementMap":{"0":{"start":{"line":10,"column":4},"end":{"line":10,"column":16}},"1":{"start":{"line":11,"column":4},"end":{"line":13,"column":5}},"2":{"start":{"line":16,"column":4},"end":{"line":29,"column":5}},"3":{"start":{"line":22,"column":12},"end":{"line":22,"column":59}},"4":{"start":{"line":33,"column":15},"end":{"line":54,"column":2}}},"fnMap":{"0":{"name":"(anonymous_0)","decl":{"start":{"line":9,"column":2},"end":{"line":9,"column":3}},"loc":{"start":{"line":9,"column":36},"end":{"line":14,"column":3}},"line":9},"1":{"name":"(anonymous_1)","decl":{"start":{"line":15,"column":2},"end":{"line":15,"column":3}},"loc":{"start":{"line":15,"column":11},"end":{"line":30,"column":3}},"line":15},"2":{"name":"(anonymous_2)","decl":{"start":{"line":21,"column":27},"end":{"line":21,"column":28}},"loc":{"start":{"line":22,"column":12},"end":{"line":22,"column":59}},"line":22}},"branchMap":{"0":{"loc":{"start":{"line":26,"column":11},"end":{"line":26,"column":60}},"type":"binary-expr","locations":[{"start":{"line":26,"column":11},"end":{"line":26,"column":26}},{"start":{"line":26,"column":30},"end":{"line":26,"column":60}}],"line":26}},"s":{"0":1,"1":1,"2":1,"3":0,"4":1},"f":{"0":1,"1":1,"2":0},"b":{"0":[1,0]},"_coverageSchema":"1a1c01bbd47fc00a2c39e90264f33305004495a9","hash":"91551c0f2a14196f3b1c64d813cdd7fc13ceff8b"}
}
